============================= test session starts ==============================
platform linux -- Python 3.12.3, pytest-9.0.3, pluggy-1.6.0
rootdir: /home/rdogen/OpenClaw_Factory/projects/Hosteva
plugins: asyncio-1.3.0, langsmith-0.7.30, anyio-4.13.0
asyncio: mode=Mode.STRICT, debug=False, asyncio_default_fixture_loop_scope=None, asyncio_default_test_loop_scope=function
collected 19 items

tests/test_documents.py ..                                               [ 10%]
tests/test_graph.py ..                                                   [ 21%]
tests/test_ota_integrations.py .......                                   [ 57%]
tests/test_production_browser.py E                                       [ 63%]
tests/test_properties.py F                                               [ 68%]
tests/test_subscriptions.py ....                                         [ 89%]
tests/test_ui.py ..                                                      [100%]

==================================== ERRORS ====================================
_________________ ERROR at setup of test_production_dashboard __________________
file /home/rdogen/OpenClaw_Factory/projects/Hosteva/tests/test_production_browser.py, line 3
  def test_production_dashboard(page: Page):
E       fixture 'page' not found
>       available fixtures: _class_scoped_runner, _function_scoped_runner, _module_scoped_runner, _package_scoped_runner, _session_scoped_runner, anyio_backend, anyio_backend_name, anyio_backend_options, cache, capfd, capfdbinary, caplog, capsys, capsysbinary, capteesys, doctest_namespace, event_loop_policy, free_tcp_port, free_tcp_port_factory, free_udp_port, free_udp_port_factory, monkeypatch, pytestconfig, record_property, record_testsuite_property, record_xml_attribute, recwarn, subtests, tmp_path, tmp_path_factory, tmpdir, tmpdir_factory, unused_tcp_port, unused_tcp_port_factory, unused_udp_port, unused_udp_port_factory
>       use 'pytest --fixtures [testpath]' for help on them.

/home/rdogen/OpenClaw_Factory/projects/Hosteva/tests/test_production_browser.py:3
=================================== FAILURES ===================================
_____________________________ test_get_properties ______________________________

self = <sqlalchemy.engine.base.Connection object at 0x7cb9abebecc0>
engine = Engine(postgresql+psycopg://postgres:***@db:5432/hosteva)
connection = None, _has_events = None, _allow_revalidate = True
_allow_autobegin = True

    def __init__(
        self,
        engine: Engine,
        connection: Optional[PoolProxiedConnection] = None,
        _has_events: Optional[bool] = None,
        _allow_revalidate: bool = True,
        _allow_autobegin: bool = True,
    ):
        """Construct a new Connection."""
        self.engine = engine
        self.dialect = dialect = engine.dialect
    
        if connection is None:
            try:
>               self._dbapi_connection = engine.raw_connection()
                                         ^^^^^^^^^^^^^^^^^^^^^^^

venv/lib/python3.12/site-packages/sqlalchemy/engine/base.py:143: 
_ _ _ _ _ _ _ _ _ _ _ _ _ _ _ _ _ _ _ _ _ _ _ _ _ _ _ _ _ _ _ _ _ _ _ _ _ _ _ _ 
venv/lib/python3.12/site-packages/sqlalchemy/engine/base.py:3317: in raw_connection
    return self.pool.connect()
           ^^^^^^^^^^^^^^^^^^^
venv/lib/python3.12/site-packages/sqlalchemy/pool/base.py:448: in connect
    return _ConnectionFairy._checkout(self)
           ^^^^^^^^^^^^^^^^^^^^^^^^^^^^^^^^
venv/lib/python3.12/site-packages/sqlalchemy/pool/base.py:1272: in _checkout
    fairy = _ConnectionRecord.checkout(pool)
            ^^^^^^^^^^^^^^^^^^^^^^^^^^^^^^^^
venv/lib/python3.12/site-packages/sqlalchemy/pool/base.py:712: in checkout
    rec = pool._do_get()
          ^^^^^^^^^^^^^^
venv/lib/python3.12/site-packages/sqlalchemy/pool/impl.py:177: in _do_get
    with util.safe_reraise():
venv/lib/python3.12/site-packages/sqlalchemy/util/langhelpers.py:121: in __exit__
    raise exc_value.with_traceback(exc_tb)
venv/lib/python3.12/site-packages/sqlalchemy/pool/impl.py:175: in _do_get
    return self._create_connection()
           ^^^^^^^^^^^^^^^^^^^^^^^^^
venv/lib/python3.12/site-packages/sqlalchemy/pool/base.py:389: in _create_connection
    return _ConnectionRecord(self)
           ^^^^^^^^^^^^^^^^^^^^^^^
venv/lib/python3.12/site-packages/sqlalchemy/pool/base.py:674: in __init__
    self.__connect()
venv/lib/python3.12/site-packages/sqlalchemy/pool/base.py:900: in __connect
    with util.safe_reraise():
venv/lib/python3.12/site-packages/sqlalchemy/util/langhelpers.py:121: in __exit__
    raise exc_value.with_traceback(exc_tb)
venv/lib/python3.12/site-packages/sqlalchemy/pool/base.py:896: in __connect
    self.dbapi_connection = connection = pool._invoke_creator(self)
                                         ^^^^^^^^^^^^^^^^^^^^^^^^^^
venv/lib/python3.12/site-packages/sqlalchemy/engine/create.py:667: in connect
    return dialect.connect(*cargs_tup, **cparams)
           ^^^^^^^^^^^^^^^^^^^^^^^^^^^^^^^^^^^^^^
venv/lib/python3.12/site-packages/sqlalchemy/engine/default.py:630: in connect
    return self.loaded_dbapi.connect(*cargs, **cparams)  # type: ignore[no-any-return]  # NOQA: E501
           ^^^^^^^^^^^^^^^^^^^^^^^^^^^^^^^^^^^^^^^^^^^^
venv/lib/python3.12/site-packages/psycopg/connection.py:100: in connect
    attempts = conninfo_attempts(params)
               ^^^^^^^^^^^^^^^^^^^^^^^^^
_ _ _ _ _ _ _ _ _ _ _ _ _ _ _ _ _ _ _ _ _ _ _ _ _ _ _ _ _ _ _ _ _ _ _ _ _ _ _ _ 

params = {'dbname': 'hosteva', 'host': 'db', 'password': 'postgres', 'port': 5432, ...}

    def conninfo_attempts(params: ConnMapping) -> list[ConnDict]:
        """Split a set of connection params on the single attempts to perform.
    
        A connection param can perform more than one attempt more than one ``host``
        is provided.
    
        Also perform async resolution of the hostname into hostaddr. Because a host
        can resolve to more than one address, this can lead to yield more attempts
        too. Raise `OperationalError` if no host could be resolved.
    
        Because the libpq async function doesn't honour the timeout, we need to
        reimplement the repeated attempts.
        """
        last_exc = None
        attempts = []
        if prefer_standby := (
            get_param(params, "target_session_attrs") == "prefer-standby"
        ):
            params = {k: v for k, v in params.items() if k != "target_session_attrs"}
    
        for attempt in split_attempts(params):
            try:
                attempts.extend(_resolve_hostnames(attempt))
            except OSError as ex:
                last_exc = e.OperationalError(
                    f"failed to resolve host {attempt.get('host')!r}: {ex}"
                )
                logger.debug("%s", last_exc)
    
        if not attempts:
            assert last_exc
            # We couldn't resolve anything
>           raise last_exc
E           psycopg.OperationalError: failed to resolve host 'db': [Errno -3] Temporary failure in name resolution

venv/lib/python3.12/site-packages/psycopg/_conninfo_attempts.py:55: OperationalError

The above exception was the direct cause of the following exception:

    def test_get_properties():
>       response = client.get("/api/properties/")
                   ^^^^^^^^^^^^^^^^^^^^^^^^^^^^^^

tests/test_properties.py:7: 
_ _ _ _ _ _ _ _ _ _ _ _ _ _ _ _ _ _ _ _ _ _ _ _ _ _ _ _ _ _ _ _ _ _ _ _ _ _ _ _ 
venv/lib/python3.12/site-packages/starlette/testclient.py:473: in get
    return super().get(
venv/lib/python3.12/site-packages/httpx/_client.py:1053: in get
    return self.request(
venv/lib/python3.12/site-packages/starlette/testclient.py:445: in request
    return super().request(
venv/lib/python3.12/site-packages/httpx/_client.py:825: in request
    return self.send(request, auth=auth, follow_redirects=follow_redirects)
           ^^^^^^^^^^^^^^^^^^^^^^^^^^^^^^^^^^^^^^^^^^^^^^^^^^^^^^^^^^^^^^^^
venv/lib/python3.12/site-packages/httpx/_client.py:914: in send
    response = self._send_handling_auth(
venv/lib/python3.12/site-packages/httpx/_client.py:942: in _send_handling_auth
    response = self._send_handling_redirects(
venv/lib/python3.12/site-packages/httpx/_client.py:979: in _send_handling_redirects
    response = self._send_single_request(request)
               ^^^^^^^^^^^^^^^^^^^^^^^^^^^^^^^^^^
venv/lib/python3.12/site-packages/httpx/_client.py:1014: in _send_single_request
    response = transport.handle_request(request)
               ^^^^^^^^^^^^^^^^^^^^^^^^^^^^^^^^^
venv/lib/python3.12/site-packages/starlette/testclient.py:348: in handle_request
    raise exc
venv/lib/python3.12/site-packages/starlette/testclient.py:345: in handle_request
    portal.call(self.app, scope, receive, send)
venv/lib/python3.12/site-packages/anyio/from_thread.py:334: in call
    return cast(T_Retval, self.start_task_soon(func, *args).result())
                          ^^^^^^^^^^^^^^^^^^^^^^^^^^^^^^^^^^^^^^^^^^
/usr/lib/python3.12/concurrent/futures/_base.py:456: in result
    return self.__get_result()
           ^^^^^^^^^^^^^^^^^^^
/usr/lib/python3.12/concurrent/futures/_base.py:401: in __get_result
    raise self._exception
venv/lib/python3.12/site-packages/anyio/from_thread.py:259: in _call_func
    retval = await retval_or_awaitable
             ^^^^^^^^^^^^^^^^^^^^^^^^^
venv/lib/python3.12/site-packages/fastapi/applications.py:1163: in __call__
    await super().__call__(scope, receive, send)
venv/lib/python3.12/site-packages/starlette/applications.py:90: in __call__
    await self.middleware_stack(scope, receive, send)
venv/lib/python3.12/site-packages/starlette/middleware/errors.py:186: in __call__
    raise exc
venv/lib/python3.12/site-packages/starlette/middleware/errors.py:164: in __call__
    await self.app(scope, receive, _send)
venv/lib/python3.12/site-packages/starlette/middleware/exceptions.py:63: in __call__
    await wrap_app_handling_exceptions(self.app, conn)(scope, receive, send)
venv/lib/python3.12/site-packages/starlette/_exception_handler.py:53: in wrapped_app
    raise exc
venv/lib/python3.12/site-packages/starlette/_exception_handler.py:42: in wrapped_app
    await app(scope, receive, sender)
venv/lib/python3.12/site-packages/fastapi/middleware/asyncexitstack.py:18: in __call__
    await self.app(scope, receive, send)
venv/lib/python3.12/site-packages/starlette/routing.py:660: in __call__
    await self.middleware_stack(scope, receive, send)
venv/lib/python3.12/site-packages/starlette/routing.py:680: in app
    await route.handle(scope, receive, send)
venv/lib/python3.12/site-packages/starlette/routing.py:276: in handle
    await self.app(scope, receive, send)
venv/lib/python3.12/site-packages/fastapi/routing.py:134: in app
    await wrap_app_handling_exceptions(app, request)(scope, receive, send)
venv/lib/python3.12/site-packages/starlette/_exception_handler.py:53: in wrapped_app
    raise exc
venv/lib/python3.12/site-packages/starlette/_exception_handler.py:42: in wrapped_app
    await app(scope, receive, sender)
venv/lib/python3.12/site-packages/fastapi/routing.py:120: in app
    response = await f(request)
               ^^^^^^^^^^^^^^^^
venv/lib/python3.12/site-packages/fastapi/routing.py:674: in app
    raw_response = await run_endpoint_function(
venv/lib/python3.12/site-packages/fastapi/routing.py:330: in run_endpoint_function
    return await run_in_threadpool(dependant.call, **values)
           ^^^^^^^^^^^^^^^^^^^^^^^^^^^^^^^^^^^^^^^^^^^^^^^^^
venv/lib/python3.12/site-packages/starlette/concurrency.py:32: in run_in_threadpool
    return await anyio.to_thread.run_sync(func)
           ^^^^^^^^^^^^^^^^^^^^^^^^^^^^^^^^^^^^
venv/lib/python3.12/site-packages/anyio/to_thread.py:63: in run_sync
    return await get_async_backend().run_sync_in_worker_thread(
venv/lib/python3.12/site-packages/anyio/_backends/_asyncio.py:2518: in run_sync_in_worker_thread
    return await future
           ^^^^^^^^^^^^
venv/lib/python3.12/site-packages/anyio/_backends/_asyncio.py:1002: in run
    result = context.run(func, *args)
             ^^^^^^^^^^^^^^^^^^^^^^^^
app/routers/properties.py:31: in get_properties
    properties = db.query(Property).all()
                 ^^^^^^^^^^^^^^^^^^^^^^^^
venv/lib/python3.12/site-packages/sqlalchemy/orm/query.py:2711: in all
    return self._iter().all()  # type: ignore
           ^^^^^^^^^^^^
venv/lib/python3.12/site-packages/sqlalchemy/orm/query.py:2864: in _iter
    result: Union[ScalarResult[_T], Result[_T]] = self.session.execute(
venv/lib/python3.12/site-packages/sqlalchemy/orm/session.py:2351: in execute
    return self._execute_internal(
venv/lib/python3.12/site-packages/sqlalchemy/orm/session.py:2239: in _execute_internal
    conn = self._connection_for_bind(bind)
           ^^^^^^^^^^^^^^^^^^^^^^^^^^^^^^^
venv/lib/python3.12/site-packages/sqlalchemy/orm/session.py:2108: in _connection_for_bind
    return trans._connection_for_bind(engine, execution_options)
           ^^^^^^^^^^^^^^^^^^^^^^^^^^^^^^^^^^^^^^^^^^^^^^^^^^^^^
<string>:2: in _connection_for_bind
    ???
venv/lib/python3.12/site-packages/sqlalchemy/orm/state_changes.py:137: in _go
    ret_value = fn(self, *arg, **kw)
                ^^^^^^^^^^^^^^^^^^^^
venv/lib/python3.12/site-packages/sqlalchemy/orm/session.py:1187: in _connection_for_bind
    conn = bind.connect()
           ^^^^^^^^^^^^^^
venv/lib/python3.12/site-packages/sqlalchemy/engine/base.py:3293: in connect
    return self._connection_cls(self)
           ^^^^^^^^^^^^^^^^^^^^^^^^^^
venv/lib/python3.12/site-packages/sqlalchemy/engine/base.py:145: in __init__
    Connection._handle_dbapi_exception_noconnection(
venv/lib/python3.12/site-packages/sqlalchemy/engine/base.py:2448: in _handle_dbapi_exception_noconnection
    raise sqlalchemy_exception.with_traceback(exc_info[2]) from e
venv/lib/python3.12/site-packages/sqlalchemy/engine/base.py:143: in __init__
    self._dbapi_connection = engine.raw_connection()
                             ^^^^^^^^^^^^^^^^^^^^^^^
venv/lib/python3.12/site-packages/sqlalchemy/engine/base.py:3317: in raw_connection
    return self.pool.connect()
           ^^^^^^^^^^^^^^^^^^^
venv/lib/python3.12/site-packages/sqlalchemy/pool/base.py:448: in connect
    return _ConnectionFairy._checkout(self)
           ^^^^^^^^^^^^^^^^^^^^^^^^^^^^^^^^
venv/lib/python3.12/site-packages/sqlalchemy/pool/base.py:1272: in _checkout
    fairy = _ConnectionRecord.checkout(pool)
            ^^^^^^^^^^^^^^^^^^^^^^^^^^^^^^^^
venv/lib/python3.12/site-packages/sqlalchemy/pool/base.py:712: in checkout
    rec = pool._do_get()
          ^^^^^^^^^^^^^^
venv/lib/python3.12/site-packages/sqlalchemy/pool/impl.py:177: in _do_get
    with util.safe_reraise():
venv/lib/python3.12/site-packages/sqlalchemy/util/langhelpers.py:121: in __exit__
    raise exc_value.with_traceback(exc_tb)
venv/lib/python3.12/site-packages/sqlalchemy/pool/impl.py:175: in _do_get
    return self._create_connection()
           ^^^^^^^^^^^^^^^^^^^^^^^^^
venv/lib/python3.12/site-packages/sqlalchemy/pool/base.py:389: in _create_connection
    return _ConnectionRecord(self)
           ^^^^^^^^^^^^^^^^^^^^^^^
venv/lib/python3.12/site-packages/sqlalchemy/pool/base.py:674: in __init__
    self.__connect()
venv/lib/python3.12/site-packages/sqlalchemy/pool/base.py:900: in __connect
    with util.safe_reraise():
venv/lib/python3.12/site-packages/sqlalchemy/util/langhelpers.py:121: in __exit__
    raise exc_value.with_traceback(exc_tb)
venv/lib/python3.12/site-packages/sqlalchemy/pool/base.py:896: in __connect
    self.dbapi_connection = connection = pool._invoke_creator(self)
                                         ^^^^^^^^^^^^^^^^^^^^^^^^^^
venv/lib/python3.12/site-packages/sqlalchemy/engine/create.py:667: in connect
    return dialect.connect(*cargs_tup, **cparams)
           ^^^^^^^^^^^^^^^^^^^^^^^^^^^^^^^^^^^^^^
venv/lib/python3.12/site-packages/sqlalchemy/engine/default.py:630: in connect
    return self.loaded_dbapi.connect(*cargs, **cparams)  # type: ignore[no-any-return]  # NOQA: E501
           ^^^^^^^^^^^^^^^^^^^^^^^^^^^^^^^^^^^^^^^^^^^^
venv/lib/python3.12/site-packages/psycopg/connection.py:100: in connect
    attempts = conninfo_attempts(params)
               ^^^^^^^^^^^^^^^^^^^^^^^^^
_ _ _ _ _ _ _ _ _ _ _ _ _ _ _ _ _ _ _ _ _ _ _ _ _ _ _ _ _ _ _ _ _ _ _ _ _ _ _ _ 

params = {'dbname': 'hosteva', 'host': 'db', 'password': 'postgres', 'port': 5432, ...}

    def conninfo_attempts(params: ConnMapping) -> list[ConnDict]:
        """Split a set of connection params on the single attempts to perform.
    
        A connection param can perform more than one attempt more than one ``host``
        is provided.
    
        Also perform async resolution of the hostname into hostaddr. Because a host
        can resolve to more than one address, this can lead to yield more attempts
        too. Raise `OperationalError` if no host could be resolved.
    
        Because the libpq async function doesn't honour the timeout, we need to
        reimplement the repeated attempts.
        """
        last_exc = None
        attempts = []
        if prefer_standby := (
            get_param(params, "target_session_attrs") == "prefer-standby"
        ):
            params = {k: v for k, v in params.items() if k != "target_session_attrs"}
    
        for attempt in split_attempts(params):
            try:
                attempts.extend(_resolve_hostnames(attempt))
            except OSError as ex:
                last_exc = e.OperationalError(
                    f"failed to resolve host {attempt.get('host')!r}: {ex}"
                )
                logger.debug("%s", last_exc)
    
        if not attempts:
            assert last_exc
            # We couldn't resolve anything
>           raise last_exc
E           sqlalchemy.exc.OperationalError: (psycopg.OperationalError) failed to resolve host 'db': [Errno -3] Temporary failure in name resolution
E           (Background on this error at: https://sqlalche.me/e/20/e3q8)

venv/lib/python3.12/site-packages/psycopg/_conninfo_attempts.py:55: OperationalError
=============================== warnings summary ===============================
app/schemas/zoning.py:10
  /home/rdogen/OpenClaw_Factory/projects/Hosteva/app/schemas/zoning.py:10: PydanticDeprecatedSince20: Support for class-based `config` is deprecated, use ConfigDict instead. Deprecated in Pydantic V2.0 to be removed in V3.0. See Pydantic V2 Migration Guide at https://errors.pydantic.dev/2.12/migration/
    class LandUseTypeResponse(LandUseTypeBase):

app/schemas/zoning.py:22
  /home/rdogen/OpenClaw_Factory/projects/Hosteva/app/schemas/zoning.py:22: PydanticDeprecatedSince20: Support for class-based `config` is deprecated, use ConfigDict instead. Deprecated in Pydantic V2.0 to be removed in V3.0. See Pydantic V2 Migration Guide at https://errors.pydantic.dev/2.12/migration/
    class ZoningDistrictResponse(ZoningDistrictBase):

app/schemas/zoning.py:35
  /home/rdogen/OpenClaw_Factory/projects/Hosteva/app/schemas/zoning.py:35: PydanticDeprecatedSince20: Support for class-based `config` is deprecated, use ConfigDict instead. Deprecated in Pydantic V2.0 to be removed in V3.0. See Pydantic V2 Migration Guide at https://errors.pydantic.dev/2.12/migration/
    class ComplianceRuleTypeResponse(ComplianceRuleTypeBase):

app/schemas/zoning.py:54
  /home/rdogen/OpenClaw_Factory/projects/Hosteva/app/schemas/zoning.py:54: PydanticDeprecatedSince20: Support for class-based `config` is deprecated, use ConfigDict instead. Deprecated in Pydantic V2.0 to be removed in V3.0. See Pydantic V2 Migration Guide at https://errors.pydantic.dev/2.12/migration/
    class ZoningRegulationResponse(ZoningRegulationBase):

app/schemas/zoning.py:67
  /home/rdogen/OpenClaw_Factory/projects/Hosteva/app/schemas/zoning.py:67: PydanticDeprecatedSince20: Support for class-based `config` is deprecated, use ConfigDict instead. Deprecated in Pydantic V2.0 to be removed in V3.0. See Pydantic V2 Migration Guide at https://errors.pydantic.dev/2.12/migration/
    class ComplianceReportResponse(BaseModel):

app/schemas/host.py:12
  /home/rdogen/OpenClaw_Factory/projects/Hosteva/app/schemas/host.py:12: PydanticDeprecatedSince20: Support for class-based `config` is deprecated, use ConfigDict instead. Deprecated in Pydantic V2.0 to be removed in V3.0. See Pydantic V2 Migration Guide at https://errors.pydantic.dev/2.12/migration/
    class HostResponse(HostBase):

app/schemas/compliance.py:12
  /home/rdogen/OpenClaw_Factory/projects/Hosteva/app/schemas/compliance.py:12: PydanticDeprecatedSince20: Support for class-based `config` is deprecated, use ConfigDict instead. Deprecated in Pydantic V2.0 to be removed in V3.0. See Pydantic V2 Migration Guide at https://errors.pydantic.dev/2.12/migration/
    class RegionResponse(RegionBase):

app/schemas/compliance.py:26
  /home/rdogen/OpenClaw_Factory/projects/Hosteva/app/schemas/compliance.py:26: PydanticDeprecatedSince20: Support for class-based `config` is deprecated, use ConfigDict instead. Deprecated in Pydantic V2.0 to be removed in V3.0. See Pydantic V2 Migration Guide at https://errors.pydantic.dev/2.12/migration/
    class ZoningCodeResponse(ZoningCodeBase):

app/schemas/compliance.py:47
  /home/rdogen/OpenClaw_Factory/projects/Hosteva/app/schemas/compliance.py:47: PydanticDeprecatedSince20: Support for class-based `config` is deprecated, use ConfigDict instead. Deprecated in Pydantic V2.0 to be removed in V3.0. See Pydantic V2 Migration Guide at https://errors.pydantic.dev/2.12/migration/
    class ComplianceRuleResponse(ComplianceRuleBase):

venv/lib/python3.12/site-packages/passlib/utils/__init__.py:854
  /home/rdogen/OpenClaw_Factory/projects/Hosteva/venv/lib/python3.12/site-packages/passlib/utils/__init__.py:854: DeprecationWarning: 'crypt' is deprecated and slated for removal in Python 3.13
    from crypt import crypt as _crypt

app/routers/ordinances.py:27
  /home/rdogen/OpenClaw_Factory/projects/Hosteva/app/routers/ordinances.py:27: PydanticDeprecatedSince20: Support for class-based `config` is deprecated, use ConfigDict instead. Deprecated in Pydantic V2.0 to be removed in V3.0. See Pydantic V2 Migration Guide at https://errors.pydantic.dev/2.12/migration/
    class OrdinanceResponse(BaseModel):

venv/lib/python3.12/site-packages/pydantic/_internal/_config.py:383
  /home/rdogen/OpenClaw_Factory/projects/Hosteva/venv/lib/python3.12/site-packages/pydantic/_internal/_config.py:383: UserWarning: Valid config keys have changed in V2:
  * 'orm_mode' has been renamed to 'from_attributes'
    warnings.warn(message, UserWarning)

app/schemas/florida_compliance.py:23
  /home/rdogen/OpenClaw_Factory/projects/Hosteva/app/schemas/florida_compliance.py:23: PydanticDeprecatedSince20: Support for class-based `config` is deprecated, use ConfigDict instead. Deprecated in Pydantic V2.0 to be removed in V3.0. See Pydantic V2 Migration Guide at https://errors.pydantic.dev/2.12/migration/
    class FloridaComplianceResponse(BaseModel):

app/schemas/listing_optimizer.py:27
  /home/rdogen/OpenClaw_Factory/projects/Hosteva/app/schemas/listing_optimizer.py:27: PydanticDeprecatedSince20: Support for class-based `config` is deprecated, use ConfigDict instead. Deprecated in Pydantic V2.0 to be removed in V3.0. See Pydantic V2 Migration Guide at https://errors.pydantic.dev/2.12/migration/
    class ListingSyncResponse(BaseModel):

app/schemas/permit_generator.py:6
  /home/rdogen/OpenClaw_Factory/projects/Hosteva/app/schemas/permit_generator.py:6: PydanticDeprecatedSince20: Support for class-based `config` is deprecated, use ConfigDict instead. Deprecated in Pydantic V2.0 to be removed in V3.0. See Pydantic V2 Migration Guide at https://errors.pydantic.dev/2.12/migration/
    class PermitApplicationRequest(BaseModel):

app/schemas/permit_generator.py:17
  /home/rdogen/OpenClaw_Factory/projects/Hosteva/app/schemas/permit_generator.py:17: PydanticDeprecatedSince20: Support for class-based `config` is deprecated, use ConfigDict instead. Deprecated in Pydantic V2.0 to be removed in V3.0. See Pydantic V2 Migration Guide at https://errors.pydantic.dev/2.12/migration/
    class PermitApplicationResponse(BaseModel):

app/schemas/recommendations.py:5
  /home/rdogen/OpenClaw_Factory/projects/Hosteva/app/schemas/recommendations.py:5: PydanticDeprecatedSince20: Support for class-based `config` is deprecated, use ConfigDict instead. Deprecated in Pydantic V2.0 to be removed in V3.0. See Pydantic V2 Migration Guide at https://errors.pydantic.dev/2.12/migration/
    class Recommendation(BaseModel):

app/schemas/recommendations.py:17
  /home/rdogen/OpenClaw_Factory/projects/Hosteva/app/schemas/recommendations.py:17: PydanticDeprecatedSince20: Support for class-based `config` is deprecated, use ConfigDict instead. Deprecated in Pydantic V2.0 to be removed in V3.0. See Pydantic V2 Migration Guide at https://errors.pydantic.dev/2.12/migration/
    class RecommendationRequest(BaseModel):

app/schemas/recommendations.py:25
  /home/rdogen/OpenClaw_Factory/projects/Hosteva/app/schemas/recommendations.py:25: PydanticDeprecatedSince20: Support for class-based `config` is deprecated, use ConfigDict instead. Deprecated in Pydantic V2.0 to be removed in V3.0. See Pydantic V2 Migration Guide at https://errors.pydantic.dev/2.12/migration/
    class RecommendationResponse(BaseModel):

-- Docs: https://docs.pytest.org/en/stable/how-to/capture-warnings.html
=========================== short test summary info ============================
FAILED tests/test_properties.py::test_get_properties - sqlalchemy.exc.Operati...
ERROR tests/test_production_browser.py::test_production_dashboard
============= 1 failed, 17 passed, 19 warnings, 1 error in 16.01s ==============
