{"/home/rdogen/OpenClaw_Factory/projects/Hosteva/frontend/src/components/PricingPage.js": {"path":"/home/rdogen/OpenClaw_Factory/projects/Hosteva/frontend/src/components/PricingPage.js","statementMap":{"0":{"start":{"line":3,"column":20},"end":{"line":65,"column":1}},"1":{"start":{"line":4,"column":32},"end":{"line":4,"column":47}},"2":{"start":{"line":5,"column":28},"end":{"line":5,"column":42}},"3":{"start":{"line":7,"column":26},"end":{"line":34,"column":3}},"4":{"start":{"line":8,"column":4},"end":{"line":8,"column":21}},"5":{"start":{"line":9,"column":4},"end":{"line":9,"column":19}},"6":{"start":{"line":10,"column":4},"end":{"line":33,"column":5}},"7":{"start":{"line":11,"column":23},"end":{"line":17,"column":8}},"8":{"start":{"line":19,"column":6},"end":{"line":21,"column":7}},"9":{"start":{"line":20,"column":8},"end":{"line":20,"column":55}},"10":{"start":{"line":23,"column":19},"end":{"line":23,"column":40}},"11":{"start":{"line":24,"column":6},"end":{"line":28,"column":7}},"12":{"start":{"line":25,"column":8},"end":{"line":25,"column":50}},"13":{"start":{"line":27,"column":8},"end":{"line":27,"column":49}},"14":{"start":{"line":30,"column":6},"end":{"line":30,"column":28}},"15":{"start":{"line":32,"column":6},"end":{"line":32,"column":24}},"16":{"start":{"line":36,"column":2},"end":{"line":64,"column":4}},"17":{"start":{"line":44,"column":52},"end":{"line":44,"column":76}},"18":{"start":{"line":51,"column":52},"end":{"line":51,"column":74}},"19":{"start":{"line":58,"column":52},"end":{"line":58,"column":78}}},"fnMap":{"0":{"name":"(anonymous_0)","decl":{"start":{"line":3,"column":20},"end":{"line":3,"column":21}},"loc":{"start":{"line":3,"column":26},"end":{"line":65,"column":1}},"line":3},"1":{"name":"(anonymous_1)","decl":{"start":{"line":7,"column":26},"end":{"line":7,"column":27}},"loc":{"start":{"line":7,"column":42},"end":{"line":34,"column":3}},"line":7},"2":{"name":"(anonymous_2)","decl":{"start":{"line":44,"column":46},"end":{"line":44,"column":47}},"loc":{"start":{"line":44,"column":52},"end":{"line":44,"column":76}},"line":44},"3":{"name":"(anonymous_3)","decl":{"start":{"line":51,"column":46},"end":{"line":51,"column":47}},"loc":{"start":{"line":51,"column":52},"end":{"line":51,"column":74}},"line":51},"4":{"name":"(anonymous_4)","decl":{"start":{"line":58,"column":46},"end":{"line":58,"column":47}},"loc":{"start":{"line":58,"column":52},"end":{"line":58,"column":78}},"line":58}},"branchMap":{"0":{"loc":{"start":{"line":19,"column":6},"end":{"line":21,"column":7}},"type":"if","locations":[{"start":{"line":19,"column":6},"end":{"line":21,"column":7}},{"start":{},"end":{}}],"line":19},"1":{"loc":{"start":{"line":24,"column":6},"end":{"line":28,"column":7}},"type":"if","locations":[{"start":{"line":24,"column":6},"end":{"line":28,"column":7}},{"start":{"line":26,"column":13},"end":{"line":28,"column":7}}],"line":24},"2":{"loc":{"start":{"line":39,"column":7},"end":{"line":39,"column":48}},"type":"binary-expr","locations":[{"start":{"line":39,"column":7},"end":{"line":39,"column":12}},{"start":{"line":39,"column":16},"end":{"line":39,"column":48}}],"line":39},"3":{"loc":{"start":{"line":45,"column":13},"end":{"line":45,"column":61}},"type":"cond-expr","locations":[{"start":{"line":45,"column":23},"end":{"line":45,"column":38}},{"start":{"line":45,"column":41},"end":{"line":45,"column":61}}],"line":45},"4":{"loc":{"start":{"line":52,"column":13},"end":{"line":52,"column":59}},"type":"cond-expr","locations":[{"start":{"line":52,"column":23},"end":{"line":52,"column":38}},{"start":{"line":52,"column":41},"end":{"line":52,"column":59}}],"line":52},"5":{"loc":{"start":{"line":59,"column":13},"end":{"line":59,"column":63}},"type":"cond-expr","locations":[{"start":{"line":59,"column":23},"end":{"line":59,"column":38}},{"start":{"line":59,"column":41},"end":{"line":59,"column":63}}],"line":59}},"s":{"0":1,"1":3,"2":3,"3":3,"4":1,"5":1,"6":1,"7":1,"8":1,"9":0,"10":1,"11":1,"12":1,"13":0,"14":0,"15":1,"16":3,"17":1,"18":0,"19":0},"f":{"0":3,"1":1,"2":1,"3":0,"4":0},"b":{"0":[0,1],"1":[1,0],"2":[3,0],"3":[1,2],"4":[1,2],"5":[1,2]},"_coverageSchema":"1a1c01bbd47fc00a2c39e90264f33305004495a9","hash":"ecf0684759580cb624067c86b073e84d4e35ce56"}
,"/home/rdogen/OpenClaw_Factory/projects/Hosteva/frontend/src/components/ProtectedRoute.js": {"path":"/home/rdogen/OpenClaw_Factory/projects/Hosteva/frontend/src/components/ProtectedRoute.js","statementMap":{"0":{"start":{"line":4,"column":23},"end":{"line":10,"column":1}},"1":{"start":{"line":5,"column":2},"end":{"line":7,"column":3}},"2":{"start":{"line":6,"column":4},"end":{"line":6,"column":46}},"3":{"start":{"line":9,"column":2},"end":{"line":9,"column":18}}},"fnMap":{"0":{"name":"(anonymous_0)","decl":{"start":{"line":4,"column":23},"end":{"line":4,"column":24}},"loc":{"start":{"line":4,"column":52},"end":{"line":10,"column":1}},"line":4}},"branchMap":{"0":{"loc":{"start":{"line":5,"column":2},"end":{"line":7,"column":3}},"type":"if","locations":[{"start":{"line":5,"column":2},"end":{"line":7,"column":3}},{"start":{},"end":{}}],"line":5}},"s":{"0":1,"1":2,"2":1,"3":1},"f":{"0":2},"b":{"0":[1,1]},"_coverageSchema":"1a1c01bbd47fc00a2c39e90264f33305004495a9","hash":"f6265c41fbf34a5f9a61d6a24d6176006e64d283"}
}
