TN:
SF:frontend/src/components/PricingPage.js
FN:3,(anonymous_0)
FN:7,(anonymous_1)
FN:44,(anonymous_2)
FN:51,(anonymous_3)
FN:58,(anonymous_4)
FNF:5
FNH:3
FNDA:3,(anonymous_0)
FNDA:1,(anonymous_1)
FNDA:1,(anonymous_2)
FNDA:0,(anonymous_3)
FNDA:0,(anonymous_4)
DA:3,1
DA:4,3
DA:5,3
DA:7,3
DA:8,1
DA:9,1
DA:10,1
DA:11,1
DA:19,1
DA:20,0
DA:23,1
DA:24,1
DA:25,1
DA:27,0
DA:30,0
DA:32,1
DA:36,3
DA:44,1
DA:51,0
DA:58,0
LF:20
LH:15
BRDA:19,0,0,0
BRDA:19,0,1,1
BRDA:24,1,0,1
BRDA:24,1,1,0
BRDA:39,2,0,3
BRDA:39,2,1,0
BRDA:45,3,0,1
BRDA:45,3,1,2
BRDA:52,4,0,1
BRDA:52,4,1,2
BRDA:59,5,0,1
BRDA:59,5,1,2
BRF:12
BRH:9
end_of_record
TN:
SF:frontend/src/components/ProtectedRoute.js
FN:4,(anonymous_0)
FNF:1
FNH:1
FNDA:2,(anonymous_0)
DA:4,1
DA:5,2
DA:6,1
DA:9,1
LF:4
LH:4
BRDA:5,0,0,1
BRDA:5,0,1,1
BRF:2
BRH:2
end_of_record
