<?xml version="1.0" encoding="UTF-8"?>
<coverage generated="1778251324711" clover="3.2.0">
  <project timestamp="1778251324711" name="All files">
    <metrics statements="24" coveredstatements="19" conditionals="14" coveredconditionals="11" methods="6" coveredmethods="4" elements="44" coveredelements="34" complexity="0" loc="24" ncloc="24" packages="1" files="2" classes="2"/>
    <file name="PricingPage.js" path="/home/rdogen/OpenClaw_Factory/projects/Hosteva/frontend/src/components/PricingPage.js">
      <metrics statements="20" coveredstatements="15" conditionals="12" coveredconditionals="9" methods="5" coveredmethods="3"/>
      <line num="3" count="1" type="stmt"/>
      <line num="4" count="3" type="stmt"/>
      <line num="5" count="3" type="stmt"/>
      <line num="7" count="3" type="stmt"/>
      <line num="8" count="1" type="stmt"/>
      <line num="9" count="1" type="stmt"/>
      <line num="10" count="1" type="stmt"/>
      <line num="11" count="1" type="stmt"/>
      <line num="19" count="1" type="cond" truecount="1" falsecount="1"/>
      <line num="20" count="0" type="stmt"/>
      <line num="23" count="1" type="stmt"/>
      <line num="24" count="1" type="cond" truecount="1" falsecount="1"/>
      <line num="25" count="1" type="stmt"/>
      <line num="27" count="0" type="stmt"/>
      <line num="30" count="0" type="stmt"/>
      <line num="32" count="1" type="stmt"/>
      <line num="36" count="3" type="stmt"/>
      <line num="44" count="1" type="stmt"/>
      <line num="51" count="0" type="stmt"/>
      <line num="58" count="0" type="stmt"/>
    </file>
    <file name="ProtectedRoute.js" path="/home/rdogen/OpenClaw_Factory/projects/Hosteva/frontend/src/components/ProtectedRoute.js">
      <metrics statements="4" coveredstatements="4" conditionals="2" coveredconditionals="2" methods="1" coveredmethods="1"/>
      <line num="4" count="1" type="stmt"/>
      <line num="5" count="2" type="cond" truecount="2" falsecount="0"/>
      <line num="6" count="1" type="stmt"/>
      <line num="9" count="1" type="stmt"/>
    </file>
  </project>
</coverage>
